# JRE version: Java(TM) SE Runtime Environment (11.0.2+9) (build 11.0.2+9-LTS)
# Java VM: Java HotSpot(TM) 64-Bit Server VM (11.0.2+9-LTS, mixed mode, tiered, compressed oops, g1 gc, windows-amd64)
Heap:
 garbage-first heap   total 260096K, used 101514K [0x0000000702400000, 0x0000000800000000)
  region size 1024K, 89 young (91136K), 9 survivors (9216K)
 Metaspace       used 26457K, capacity 26903K, committed 27184K, reserved 1073152K
  class space    used 2738K, capacity 2909K, committed 2944K, reserved 1048576K
GC Heap History (6 events):
Event: 4.140 GC heap before
{Heap before GC invocations=0 (full 0):
 garbage-first heap   total 260096K, used 24576K [0x0000000702400000, 0x0000000800000000)
  region size 1024K, 24 young (24576K), 0 survivors (0K)
 Metaspace       used 13114K, capacity 13392K, committed 13568K, reserved 1060864K
  class space    used 1337K, capacity 1429K, committed 1536K, reserved 1048576K
}
Event: 4.143 GC heap after
{Heap after GC invocations=1 (full 0):
 garbage-first heap   total 260096K, used 3533K [0x0000000702400000, 0x0000000800000000)
  region size 1024K, 3 young (3072K), 3 survivors (3072K)
 Metaspace       used 13114K, capacity 13392K, committed 13568K, reserved 1060864K
  class space    used 1337K, capacity 1429K, committed 1536K, reserved 1048576K
}
Event: 5.094 GC heap before
{Heap before GC invocations=1 (full 0):
 garbage-first heap   total 260096K, used 95693K [0x0000000702400000, 0x0000000800000000)
  region size 1024K, 94 young (96256K), 3 survivors (3072K)
 Metaspace       used 20851K, capacity 21117K, committed 21296K, reserved 1069056K
  class space    used 2211K, capacity 2325K, committed 2432K, reserved 1048576K
}
Event: 5.109 GC heap after
{Heap after GC invocations=2 (full 0):
 garbage-first heap   total 260096K, used 10773K [0x0000000702400000, 0x0000000800000000)
  region size 1024K, 11 young (11264K), 11 survivors (11264K)
 Metaspace       used 20851K, capacity 21117K, committed 21296K, reserved 1069056K
  class space    used 2211K, capacity 2325K, committed 2432K, reserved 1048576K
}
Event: 6.662 GC heap before
{Heap before GC invocations=3 (full 0):
 garbage-first heap   total 260096K, used 108053K [0x0000000702400000, 0x0000000800000000)
  region size 1024K, 106 young (108544K), 11 survivors (11264K)
 Metaspace       used 21795K, capacity 22152K, committed 22320K, reserved 1069056K
  class space    used 2259K, capacity 2368K, committed 2432K, reserved 1048576K
}
Event: 6.672 GC heap after
{Heap after GC invocations=4 (full 0):
 garbage-first heap   total 260096K, used 19594K [0x0000000702400000, 0x0000000800000000)
  region size 1024K, 9 young (9216K), 9 survivors (9216K)
 Metaspace       used 21795K, capacity 22152K, committed 22320K, reserved 1069056K
  class space    used 2259K, capacity 2368K, committed 2432K, reserved 1048576K
}

