<?xml version="1.0" encoding="UTF-8"?>
<testsuite xmlns:xsi="http://www.w3.org/2001/XMLSchema-instance" xsi:noNamespaceSchemaLocation="https://maven.apache.org/surefire/maven-surefire-plugin/xsd/surefire-test-report.xsd" name="nl.quintor.studybits.MobileControllerTest" time="11.381" tests="1" errors="1" skipped="0" failures="0">
  <properties>
[...]
</properties>
  <testcase name="testGetStudent" classname="nl.quintor.studybits.MobileControllerTest" time="4.706">
    <error message="Not enough variable values available to expand &apos;university&apos;" type="java.lang.IllegalArgumentException">java.lang.IllegalArgumentException: Not enough variable values available to expand 'university'
	at nl.quintor.studybits.MobileControllerTest.testGetStudent(MobileControllerTest.java:30)
</error>
    <system-out><![CDATA[16:41:27.063 [main] DEBUG org.springframework.test.context.junit4.SpringJUnit4ClassRunner - SpringJUnit4ClassRunner constructor called with [class nl.quintor.studybits.MobileControllerTest]
16:41:27.066 [main] DEBUG org.springframework.test.context.BootstrapUtils - Instantiating CacheAwareContextLoaderDelegate from class [org.springframework.test.context.cache.DefaultCacheAwareContextLoaderDelegate]
16:41:27.073 [main] DEBUG org.springframework.test.context.BootstrapUtils - Instantiating BootstrapContext using constructor [public org.springframework.test.context.support.DefaultBootstrapContext(java.lang.Class,org.springframework.test.context.CacheAwareContextLoaderDelegate)]
16:41:27.085 [main] DEBUG org.springframework.test.context.BootstrapUtils - Instantiating TestContextBootstrapper for test class [nl.quintor.studybits.MobileControllerTest] from class [org.springframework.boot.test.context.SpringBootTestContextBootstrapper]
16:41:27.094 [main] INFO org.springframework.boot.test.context.SpringBootTestContextBootstrapper - Neither @ContextConfiguration nor @ContextHierarchy found for test class [nl.quintor.studybits.MobileControllerTest], using SpringBootContextLoader
16:41:27.097 [main] DEBUG org.springframework.test.context.support.AbstractContextLoader - Did not detect default resource location for test class [nl.quintor.studybits.MobileControllerTest]: class path resource [nl/quintor/studybits/MobileControllerTest-context.xml] does not exist
16:41:27.097 [main] DEBUG org.springframework.test.context.support.AbstractContextLoader - Did not detect default resource location for test class [nl.quintor.studybits.MobileControllerTest]: class path resource [nl/quintor/studybits/MobileControllerTestContext.groovy] does not exist
16:41:27.097 [main] INFO org.springframework.test.context.support.AbstractContextLoader - Could not detect default resource locations for test class [nl.quintor.studybits.MobileControllerTest]: no resource found for suffixes {-context.xml, Context.groovy}.
16:41:27.098 [main] INFO org.springframework.test.context.support.AnnotationConfigContextLoaderUtils - Could not detect default configuration classes for test class [nl.quintor.studybits.MobileControllerTest]: MobileControllerTest does not declare any static, non-private, non-final, nested classes annotated with @Configuration.
16:41:27.131 [main] DEBUG org.springframework.test.context.support.ActiveProfilesUtils - Could not find an 'annotation declaring class' for annotation type [org.springframework.test.context.ActiveProfiles] and class [nl.quintor.studybits.MobileControllerTest]
16:41:27.188 [main] DEBUG org.springframework.context.annotation.ClassPathScanningCandidateComponentProvider - Identified candidate component class: file [C:\Users\Gebruiker\Documents\Development\StudyBitsParser\target\classes\nl\quintor\studybits\StudybitsApplication.class]
16:41:27.190 [main] INFO org.springframework.boot.test.context.SpringBootTestContextBootstrapper - Found @SpringBootConfiguration nl.quintor.studybits.StudybitsApplication for test class nl.quintor.studybits.MobileControllerTest
16:41:27.277 [main] DEBUG org.springframework.boot.test.context.SpringBootTestContextBootstrapper - @TestExecutionListeners is not present for class [nl.quintor.studybits.MobileControllerTest]: using defaults.
16:41:27.277 [main] INFO org.springframework.boot.test.context.SpringBootTestContextBootstrapper - Loaded default TestExecutionListener class names from location [META-INF/spring.factories]: [org.springframework.boot.test.mock.mockito.MockitoTestExecutionListener, org.springframework.boot.test.mock.mockito.ResetMocksTestExecutionListener, org.springframework.boot.test.autoconfigure.restdocs.RestDocsTestExecutionListener, org.springframework.boot.test.autoconfigure.web.client.MockRestServiceServerResetTestExecutionListener, org.springframework.boot.test.autoconfigure.web.servlet.MockMvcPrintOnlyOnFailureTestExecutionListener, org.springframework.boot.test.autoconfigure.web.servlet.WebDriverTestExecutionListener, org.springframework.test.context.web.ServletTestExecutionListener, org.springframework.test.context.support.DirtiesContextBeforeModesTestExecutionListener, org.springframework.test.context.support.DependencyInjectionTestExecutionListener, org.springframework.test.context.support.DirtiesContextTestExecutionListener, org.springframework.test.context.transaction.TransactionalTestExecutionListener, org.springframework.test.context.jdbc.SqlScriptsTestExecutionListener]
16:41:27.296 [main] INFO org.springframework.boot.test.context.SpringBootTestContextBootstrapper - Using TestExecutionListeners: [org.springframework.test.context.web.ServletTestExecutionListener@6054ac20, org.springframework.test.context.support.DirtiesContextBeforeModesTestExecutionListener@32a074ed, org.springframework.boot.test.mock.mockito.MockitoTestExecutionListener@673605ef, org.springframework.boot.test.autoconfigure.SpringBootDependencyInjectionTestExecutionListener@29eaf100, org.springframework.test.context.support.DirtiesContextTestExecutionListener@6c1a6db1, org.springframework.test.context.transaction.TransactionalTestExecutionListener@5dac6bc3, org.springframework.test.context.jdbc.SqlScriptsTestExecutionListener@a6204e4, org.springframework.boot.test.mock.mockito.ResetMocksTestExecutionListener@747e8659, org.springframework.boot.test.autoconfigure.restdocs.RestDocsTestExecutionListener@4b360a82, org.springframework.boot.test.autoconfigure.web.client.MockRestServiceServerResetTestExecutionListener@75fa9254, org.springframework.boot.test.autoconfigure.web.servlet.MockMvcPrintOnlyOnFailureTestExecutionListener@6f25ed2b, org.springframework.boot.test.autoconfigure.web.servlet.WebDriverTestExecutionListener@6f69e2d8]
16:41:27.300 [main] DEBUG org.springframework.test.annotation.ProfileValueUtils - Retrieved @ProfileValueSourceConfiguration [null] for test class [nl.quintor.studybits.MobileControllerTest]
16:41:27.301 [main] DEBUG org.springframework.test.annotation.ProfileValueUtils - Retrieved ProfileValueSource type [class org.springframework.test.annotation.SystemProfileValueSource] for class [nl.quintor.studybits.MobileControllerTest]
16:41:27.301 [main] DEBUG org.springframework.test.annotation.ProfileValueUtils - Retrieved @ProfileValueSourceConfiguration [null] for test class [nl.quintor.studybits.MobileControllerTest]
16:41:27.301 [main] DEBUG org.springframework.test.annotation.ProfileValueUtils - Retrieved ProfileValueSource type [class org.springframework.test.annotation.SystemProfileValueSource] for class [nl.quintor.studybits.MobileControllerTest]
16:41:27.302 [main] DEBUG org.springframework.test.annotation.ProfileValueUtils - Retrieved @ProfileValueSourceConfiguration [null] for test class [nl.quintor.studybits.MobileControllerTest]
16:41:27.302 [main] DEBUG org.springframework.test.annotation.ProfileValueUtils - Retrieved ProfileValueSource type [class org.springframework.test.annotation.SystemProfileValueSource] for class [nl.quintor.studybits.MobileControllerTest]
16:41:27.306 [main] DEBUG org.springframework.test.context.support.AbstractDirtiesContextTestExecutionListener - Before test class: context [DefaultTestContext@5eb041b5 testClass = MobileControllerTest, testInstance = [null], testMethod = [null], testException = [null], mergedContextConfiguration = [WebMergedContextConfiguration@2648aa1b testClass = MobileControllerTest, locations = '{}', classes = '{class nl.quintor.studybits.StudybitsApplication}', contextInitializerClasses = '[]', activeProfiles = '{}', propertySourceLocations = '{}', propertySourceProperties = '{org.springframework.boot.test.context.SpringBootTestContextBootstrapper=true, server.port=0}', contextCustomizers = set[org.springframework.boot.test.context.filter.ExcludeFilterContextCustomizer@40277077, org.springframework.boot.test.json.DuplicateJsonObjectContextCustomizerFactory$DuplicateJsonObjectContextCustomizer@3f33bb6f, org.springframework.boot.test.mock.mockito.MockitoContextCustomizer@0, org.springframework.boot.test.web.client.TestRestTemplateContextCustomizer@fabfc79, org.springframework.boot.test.autoconfigure.properties.PropertyMappingContextCustomizer@0, org.springframework.boot.test.autoconfigure.web.servlet.WebDriverContextCustomizerFactory$Customizer@e3692ca], resourceBasePath = 'src/main/webapp', contextLoader = 'org.springframework.boot.test.context.SpringBootContextLoader', parent = [null]], attributes = map['org.springframework.test.context.web.ServletTestExecutionListener.activateListener' -> false]], class annotated with @DirtiesContext [false] with mode [null].
16:41:27.306 [main] DEBUG org.springframework.test.annotation.ProfileValueUtils - Retrieved @ProfileValueSourceConfiguration [null] for test class [nl.quintor.studybits.MobileControllerTest]
16:41:27.307 [main] DEBUG org.springframework.test.annotation.ProfileValueUtils - Retrieved ProfileValueSource type [class org.springframework.test.annotation.SystemProfileValueSource] for class [nl.quintor.studybits.MobileControllerTest]
16:41:27.554 [main] DEBUG org.springframework.test.context.support.DependencyInjectionTestExecutionListener - Performing dependency injection for test context [[DefaultTestContext@5eb041b5 testClass = MobileControllerTest, testInstance = nl.quintor.studybits.MobileControllerTest@1e09c0b, testMethod = [null], testException = [null], mergedContextConfiguration = [WebMergedContextConfiguration@2648aa1b testClass = MobileControllerTest, locations = '{}', classes = '{class nl.quintor.studybits.StudybitsApplication}', contextInitializerClasses = '[]', activeProfiles = '{}', propertySourceLocations = '{}', propertySourceProperties = '{org.springframework.boot.test.context.SpringBootTestContextBootstrapper=true, server.port=0}', contextCustomizers = set[org.springframework.boot.test.context.filter.ExcludeFilterContextCustomizer@40277077, org.springframework.boot.test.json.DuplicateJsonObjectContextCustomizerFactory$DuplicateJsonObjectContextCustomizer@3f33bb6f, org.springframework.boot.test.mock.mockito.MockitoContextCustomizer@0, org.springframework.boot.test.web.client.TestRestTemplateContextCustomizer@fabfc79, org.springframework.boot.test.autoconfigure.properties.PropertyMappingContextCustomizer@0, org.springframework.boot.test.autoconfigure.web.servlet.WebDriverContextCustomizerFactory$Customizer@e3692ca], resourceBasePath = 'src/main/webapp', contextLoader = 'org.springframework.boot.test.context.SpringBootContextLoader', parent = [null]], attributes = map['org.springframework.test.context.web.ServletTestExecutionListener.activateListener' -> false]]].
16:41:27.574 [main] DEBUG org.springframework.test.context.support.TestPropertySourceUtils - Adding inlined properties to environment: {spring.jmx.enabled=false, org.springframework.boot.test.context.SpringBootTestContextBootstrapper=true, server.port=0}

  .   ____          _            __ _ _
 /\\ / ___'_ __ _ _(_)_ __  __ _ \ \ \ \
( ( )\___ | '_ | '_| | '_ \/ _` | \ \ \ \
 \\/  ___)| |_)| | | | | || (_| |  ) ) ) )
  '  |____| .__|_| |_|_| |_\__, | / / / /
 =========|_|==============|___/=/_/_/_/
 :: Spring Boot ::        (v2.1.3.RELEASE)

2019-04-08 16:41:27.933  INFO 21116 --- [           main] n.q.studybits.MobileControllerTest       : Starting MobileControllerTest on LAPTOP-7KPGAD6H with PID 21116 (started by Gebruiker in C:\Users\Gebruiker\Documents\Development\StudyBitsParser)
2019-04-08 16:41:27.934  INFO 21116 --- [           main] n.q.studybits.MobileControllerTest       : No active profile set, falling back to default profiles: default
2019-04-08 16:41:28.604  INFO 21116 --- [           main] .s.d.r.c.RepositoryConfigurationDelegate : Bootstrapping Spring Data repositories in DEFAULT mode.
2019-04-08 16:41:28.671  INFO 21116 --- [           main] .s.d.r.c.RepositoryConfigurationDelegate : Finished Spring Data repository scanning in 60ms. Found 3 repository interfaces.
2019-04-08 16:41:29.112  INFO 21116 --- [           main] trationDelegate$BeanPostProcessorChecker : Bean 'org.springframework.transaction.annotation.ProxyTransactionManagementConfiguration' of type [org.springframework.transaction.annotation.ProxyTransactionManagementConfiguration$$EnhancerBySpringCGLIB$$5d0318bc] is not eligible for getting processed by all BeanPostProcessors (for example: not eligible for auto-proxying)
2019-04-08 16:41:29.590  INFO 21116 --- [           main] o.s.b.w.embedded.tomcat.TomcatWebServer  : Tomcat initialized with port(s): 0 (http)
2019-04-08 16:41:29.624  INFO 21116 --- [           main] o.apache.catalina.core.StandardService   : Starting service [Tomcat]
2019-04-08 16:41:29.625  INFO 21116 --- [           main] org.apache.catalina.core.StandardEngine  : Starting Servlet engine: [Apache Tomcat/9.0.16]
2019-04-08 16:41:29.639  INFO 21116 --- [           main] o.a.catalina.core.AprLifecycleListener   : The APR based Apache Tomcat Native library which allows optimal performance in production environments was not found on the java.library.path: [C:\Program Files\Java\jdk-11.0.2\bin;C:\Windows\Sun\Java\bin;C:\Windows\system32;C:\Windows;C:\Program Files (x86)\Razer\ChromaBroadcast\bin;C:\Program Files\Razer\ChromaBroadcast\bin;C:\Program Files (x86)\Common Files\Oracle\Java\javapath;C:\Program Files (x86)\Intel\Intel(R) Management Engine Components\iCLS\;C:\Program Files\Intel\Intel(R) Management Engine Components\iCLS\;C:\Windows\system32;C:\Windows;C:\Windows\System32\Wbem;C:\Windows\System32\WindowsPowerShell\v1.0\;C:\Windows\System32\OpenSSH\;C:\Program Files (x86)\Intel\Intel(R) Management Engine Components\DAL;C:\Program Files\Intel\Intel(R) Management Engine Components\DAL;C:\Program Files (x86)\Intel\Intel(R) Management Engine Components\IPT;C:\Program Files\Intel\Intel(R) Management Engine Components\IPT;C:\Program Files (x86)\NVIDIA Corporation\PhysX\Common;C:\Program Files\Intel\WiFi\bin\;C:\Program Files\Common Files\Intel\WirelessCommon\;C:\Program Files\Java\jdk-11.0.2\bin;C:\apache-maven-3.6.0\bin;;C:\Program Files\NVIDIA Corporation\NVIDIA NvDLISR;C:\Windows\system32\config\systemprofile\AppData\Local\Microsoft\WindowsApps;C:\Users\Gebruiker\AppData\Local\Microsoft\WindowsApps;;.]
2019-04-08 16:41:29.695  INFO 21116 --- [           main] org.apache.catalina.loader.WebappLoader  : Unknown class loader [jdk.internal.loader.ClassLoaders$PlatformClassLoader@1b914e36] of class [class jdk.internal.loader.ClassLoaders$PlatformClassLoader]
2019-04-08 16:41:29.738  INFO 21116 --- [           main] o.a.c.c.C.[Tomcat].[localhost].[/]       : Initializing Spring embedded WebApplicationContext
2019-04-08 16:41:29.739  INFO 21116 --- [           main] o.s.web.context.ContextLoader            : Root WebApplicationContext: initialization completed in 1780 ms
2019-04-08 16:41:30.049  INFO 21116 --- [           main] com.zaxxer.hikari.HikariDataSource       : HikariPool-1 - Starting...
2019-04-08 16:41:30.270  INFO 21116 --- [           main] com.zaxxer.hikari.HikariDataSource       : HikariPool-1 - Start completed.
2019-04-08 16:41:30.362  INFO 21116 --- [           main] o.hibernate.jpa.internal.util.LogHelper  : HHH000204: Processing PersistenceUnitInfo [
	name: default
	...]
2019-04-08 16:41:30.448  INFO 21116 --- [           main] org.hibernate.Version                    : HHH000412: Hibernate Core {5.3.7.Final}
2019-04-08 16:41:30.450  INFO 21116 --- [           main] org.hibernate.cfg.Environment            : HHH000206: hibernate.properties not found
2019-04-08 16:41:30.630  INFO 21116 --- [           main] o.hibernate.annotations.common.Version   : HCANN000001: Hibernate Commons Annotations {5.0.4.Final}
2019-04-08 16:41:30.816  INFO 21116 --- [           main] org.hibernate.dialect.Dialect            : HHH000400: Using dialect: org.hibernate.dialect.H2Dialect
2019-04-08 16:41:31.620  INFO 21116 --- [           main] o.h.t.schema.internal.SchemaCreatorImpl  : HHH000476: Executing import script 'org.hibernate.tool.schema.internal.exec.ScriptSourceInputNonExistentImpl@5f19dea8'
2019-04-08 16:41:31.623  INFO 21116 --- [           main] j.LocalContainerEntityManagerFactoryBean : Initialized JPA EntityManagerFactory for persistence unit 'default'
2019-04-08 16:41:32.467  INFO 21116 --- [           main] o.s.s.web.DefaultSecurityFilterChain     : Creating filter chain: Ant [pattern='/login'], [org.springframework.security.web.context.request.async.WebAsyncManagerIntegrationFilter@5fcb223, org.springframework.security.web.context.SecurityContextPersistenceFilter@23d5c418, org.springframework.security.web.header.HeaderWriterFilter@724f5157, org.springframework.security.web.authentication.logout.LogoutFilter@34d5d5f7, org.springframework.security.web.authentication.www.BasicAuthenticationFilter@6da50fd, org.springframework.security.web.savedrequest.RequestCacheAwareFilter@1c584c7f, org.springframework.security.web.servletapi.SecurityContextHolderAwareRequestFilter@76577a33, org.springframework.security.web.session.SessionManagementFilter@6aabacb7, org.springframework.security.web.access.ExceptionTranslationFilter@30decae, org.springframework.security.web.access.intercept.FilterSecurityInterceptor@4a45042a]
2019-04-08 16:41:32.833  INFO 21116 --- [           main] o.s.s.concurrent.ThreadPoolTaskExecutor  : Initializing ExecutorService 'applicationTaskExecutor'
2019-04-08 16:41:32.910  WARN 21116 --- [           main] aWebConfiguration$JpaWebMvcConfiguration : spring.jpa.open-in-view is enabled by default. Therefore, database queries may be performed during view rendering. Explicitly configure spring.jpa.open-in-view to disable this warning
2019-04-08 16:41:33.280  INFO 21116 --- [           main] o.h.h.i.QueryTranslatorFactoryInitiator  : HHH000397: Using ASTQueryTranslatorFactory
2019-04-08 16:41:33.642  INFO 21116 --- [           main] o.s.b.w.embedded.tomcat.TomcatWebServer  : Tomcat started on port(s): 50796 (http) with context path ''
2019-04-08 16:41:33.644  INFO 21116 --- [           main] n.q.studybits.MobileControllerTest       : Started MobileControllerTest in 6.069 seconds (JVM running for 17.894)
]]></system-out>
  </testcase>
</testsuite>